########### array before sorts ###########
0	21.590000	-6.350000	156.190000	-5.080000	n
1	156.190000	-5.080000	156.190000	103.810000	n
2	156.190000	103.810000	21.590000	102.540000	n
3	21.590000	102.540000	21.590000	-6.350000	n
Tolerance=0.050000.
*Exact match for i=0 and j=1.
*i point 21.590000	-6.350000	156.190000	-5.080000	y
*Exact match for i=1 and j=2.
*i point 156.190000	-5.080000	156.190000	103.810000	y
*Exact match for i=2 and j=3.
*i point 156.190000	103.810000	21.590000	102.540000	y
########### array after sorts ###########
0	21.590000	-6.350000	156.190000	-5.080000	y
1	156.190000	-5.080000	156.190000	103.810000	y
2	156.190000	103.810000	21.590000	102.540000	y
3	21.590000	102.540000	21.590000	-6.350000	y
***************
.BOARD_OUTLINE UNOWNED
1.6
0     21.590000     -6.350000     0
0     156.190000     -5.080000     0
0     156.190000     103.810000     0
0     21.590000     102.540000     0
0     21.590000     -6.350000     0
